<?xml version="1.0" encoding="UTF-8"?>
<testng-results ignored="0" total="2" passed="2" failed="0" skipped="0">
  <reporter-output>
  </reporter-output>
  <suite started-at="2024-12-30T21:19:30 GMT-08:00" name="Default suite" finished-at="2024-12-30T21:19:39 GMT-08:00" duration-ms="9205">
    <groups>
    </groups>
    <test started-at="2024-12-30T21:19:30 GMT-08:00" name="Default test" finished-at="2024-12-30T21:19:39 GMT-08:00" duration-ms="9205">
      <class name="Select_Class.Select_Demo">
        <test-method signature="select_Values()[pri:0, instance:Select_Class.Select_Demo@59474f18]" started-at="2024-12-30T21:19:30 GMT-08:00" name="select_Values" finished-at="2024-12-30T21:19:35 GMT-08:00" duration-ms="5294" status="PASS">
          <reporter-output>
          </reporter-output>
        </test-method> <!-- select_Values -->
        <test-method signature="values()[pri:0, instance:Select_Class.Select_Demo@59474f18]" started-at="2024-12-30T21:19:35 GMT-08:00" name="values" finished-at="2024-12-30T21:19:39 GMT-08:00" duration-ms="3841" status="PASS">
          <reporter-output>
          </reporter-output>
        </test-method> <!-- values -->
      </class> <!-- Select_Class.Select_Demo -->
    </test> <!-- Default test -->
  </suite> <!-- Default suite -->
</testng-results>
